2022-05-30 08:22:25,662: Ran ./manage.py purge_queue --all
2022-05-30 08:22:30,439: Ran ./manage.py migrate --noinput
2022-05-30 08:24:12,965: Ran ./manage.py get_migration_status --settings=zproject.settings --output=migration_status_dev
2022-05-30 08:24:15,841: Ran ./manage.py createcachetable third_party_api_results
2022-05-30 08:24:16,925: Ran ./manage.py populate_db -n100 --threads=1
2022-05-30 08:24:41,463: Ran ./manage.py migrate --noinput
2022-05-30 08:26:23,086: Ran ./manage.py get_migration_status --output=migration_status_test
2022-05-30 08:26:25,850: Ran ./manage.py populate_db --test-suite -n30 --threads=1 --max-topics=3 --huddles=0 --personals=0 --percent-huddles=0 --percent-personals=0
2022-05-30 08:26:32,019: Ran ./manage.py dumpdata zerver.UserProfile zerver.Stream zerver.Recipient zerver.Subscription zerver.Message zerver.Huddle zerver.Realm zerver.UserMessage zerver.Client zerver.DefaultStream
2022-05-30 08:26:38,845: Ran ./manage.py compilemessages
2022-05-30 08:45:25,424: Ran ./manage.py runtornado --settings=zproject.settings 127.0.0.1:9993
2022-05-30 08:45:25,510: Ran ./manage.py deliver_scheduled_messages
2022-05-30 08:45:25,681: Ran ./manage.py process_queue --all --settings=zproject.settings
2022-05-30 08:45:25,709: Ran ./manage.py rundjangoserver --settings=zproject.settings 127.0.0.1:9992
2022-05-30 08:45:27,389: Ran ./manage.py rundjangoserver --settings=zproject.settings 127.0.0.1:9992 --traceback
2022-05-30 08:45:31,504: Ran ./manage.py process_queue --all --settings=zproject.settings --traceback
2022-05-30 08:48:48,133: Ran ./manage.py runtornado --settings=zproject.settings 127.0.0.1:9993
2022-05-30 08:48:48,231: Ran ./manage.py process_queue --all --settings=zproject.settings
2022-05-30 08:48:48,296: Ran ./manage.py rundjangoserver --settings=zproject.settings 127.0.0.1:9992
2022-05-30 08:48:48,395: Ran ./manage.py deliver_scheduled_messages
2022-05-30 08:48:49,848: Ran ./manage.py rundjangoserver --settings=zproject.settings 127.0.0.1:9992 --traceback
2022-05-30 08:48:54,245: Ran ./manage.py process_queue --all --settings=zproject.settings --traceback
2022-05-30 09:38:30,154: Ran ./manage.py runtornado --settings=zproject.settings 127.0.0.1:9993
2022-05-30 09:38:30,332: Ran ./manage.py deliver_scheduled_messages
2022-05-30 09:38:30,346: Ran ./manage.py process_queue --all --settings=zproject.settings
2022-05-30 09:38:30,424: Ran ./manage.py rundjangoserver --settings=zproject.settings 127.0.0.1:9992
2022-05-30 09:38:31,958: Ran ./manage.py rundjangoserver --settings=zproject.settings 127.0.0.1:9992 --traceback
2022-05-30 09:38:36,022: Ran ./manage.py process_queue --all --settings=zproject.settings --traceback
2022-05-30 09:55:19,366: Ran ./manage.py rundjangoserver --settings=zproject.settings 127.0.0.1:9992
2022-05-30 09:55:19,376: Ran ./manage.py runtornado --settings=zproject.settings 127.0.0.1:9993
2022-05-30 09:55:19,450: Ran ./manage.py process_queue --all --settings=zproject.settings
2022-05-30 09:55:19,503: Ran ./manage.py deliver_scheduled_messages
2022-05-30 09:55:20,805: Ran ./manage.py rundjangoserver --settings=zproject.settings 127.0.0.1:9992 --traceback
2022-05-30 09:55:25,171: Ran ./manage.py process_queue --all --settings=zproject.settings --traceback
2022-05-30 09:57:28,660: Ran ./manage.py makemigrations
2022-05-30 09:57:43,518: Ran ./manage.py migrate
2022-05-30 09:57:58,182: Ran ./manage.py runtornado --settings=zproject.settings 127.0.0.1:9993
2022-05-30 09:57:58,306: Ran ./manage.py process_queue --all --settings=zproject.settings
2022-05-30 09:57:58,320: Ran ./manage.py rundjangoserver --settings=zproject.settings 127.0.0.1:9992
2022-05-30 09:57:58,459: Ran ./manage.py deliver_scheduled_messages
2022-05-30 09:58:00,644: Ran ./manage.py rundjangoserver --settings=zproject.settings 127.0.0.1:9992 --traceback
2022-05-30 09:58:03,568: Ran ./manage.py process_queue --all --settings=zproject.settings --traceback
2022-05-30 10:25:29,640: Ran ./manage.py process_queue --all --settings=zproject.settings
2022-05-30 10:25:29,672: Ran ./manage.py runtornado --settings=zproject.settings 127.0.0.1:9993
2022-05-30 10:25:29,681: Ran ./manage.py deliver_scheduled_messages
2022-05-30 10:25:29,752: Ran ./manage.py rundjangoserver --settings=zproject.settings 127.0.0.1:9992
2022-05-30 10:25:31,186: Ran ./manage.py rundjangoserver --settings=zproject.settings 127.0.0.1:9992 --traceback
2022-05-30 10:25:35,404: Ran ./manage.py process_queue --all --settings=zproject.settings --traceback
2022-05-31 04:19:33,109: Ran ./manage.py rundjangoserver --settings=zproject.settings 127.0.0.1:9992
2022-05-31 04:19:33,112: Ran ./manage.py runtornado --settings=zproject.settings 127.0.0.1:9993
2022-05-31 04:19:33,114: Ran ./manage.py process_queue --all --settings=zproject.settings
2022-05-31 04:19:33,147: Ran ./manage.py deliver_scheduled_messages
2022-05-31 04:19:57,022: Ran ./manage.py runtornado --settings=zproject.settings 127.0.0.1:9993
2022-05-31 04:19:57,037: Ran ./manage.py rundjangoserver --settings=zproject.settings 127.0.0.1:9992
2022-05-31 04:19:57,072: Ran ./manage.py process_queue --all --settings=zproject.settings
2022-05-31 04:19:57,234: Ran ./manage.py deliver_scheduled_messages
2022-05-31 04:20:02,021: Ran ./manage.py rundjangoserver --settings=zproject.settings 127.0.0.1:9992 --traceback
2022-05-31 04:20:17,625: Ran ./manage.py process_queue --all --settings=zproject.settings --traceback
2022-05-31 06:11:53,180: Ran ./manage.py rundjangoserver --settings=zproject.settings 127.0.0.1:9992
2022-05-31 06:11:53,225: Ran ./manage.py runtornado --settings=zproject.settings 127.0.0.1:9993
2022-05-31 06:11:53,255: Ran ./manage.py process_queue --all --settings=zproject.settings
2022-05-31 06:11:53,330: Ran ./manage.py deliver_scheduled_messages
2022-05-31 06:11:54,543: Ran ./manage.py rundjangoserver --settings=zproject.settings 127.0.0.1:9992 --traceback
2022-05-31 06:11:58,806: Ran ./manage.py process_queue --all --settings=zproject.settings --traceback
2022-05-31 06:17:40,187: Ran ./manage.py runtornado --settings=zproject.settings 127.0.0.1:9993 --traceback
2022-05-31 06:17:40,897: Ran ./manage.py rundjangoserver --settings=zproject.settings 127.0.0.1:9992 --traceback
2022-05-31 06:17:41,427: Ran ./manage.py process_queue --all --settings=zproject.settings --traceback
2022-05-31 09:10:40,147: Ran ./manage.py runtornado --settings=zproject.settings 127.0.0.1:9993 --traceback --traceback
2022-05-31 09:10:40,554: Ran ./manage.py process_queue --all --settings=zproject.settings --traceback
2022-05-31 09:10:40,608: Ran ./manage.py rundjangoserver --settings=zproject.settings 127.0.0.1:9992 --traceback
2022-05-31 09:20:16,658: Ran ./manage.py runtornado --settings=zproject.settings 127.0.0.1:9993 --traceback --traceback --traceback
2022-05-31 09:20:16,980: Ran ./manage.py rundjangoserver --settings=zproject.settings 127.0.0.1:9992 --traceback
2022-05-31 09:20:17,114: Ran ./manage.py process_queue --all --settings=zproject.settings --traceback
2022-05-31 09:20:24,540: Ran ./manage.py process_queue --all --settings=zproject.settings --traceback
2022-05-31 09:20:29,766: Ran ./manage.py process_queue --all --settings=zproject.settings --traceback
2022-05-31 09:20:36,765: Ran ./manage.py process_queue --all --settings=zproject.settings --traceback
2022-05-31 09:20:43,903: Ran ./manage.py process_queue --all --settings=zproject.settings --traceback
2022-05-31 09:20:51,086: Ran ./manage.py process_queue --all --settings=zproject.settings --traceback
2022-05-31 09:20:57,060: Ran ./manage.py process_queue --all --settings=zproject.settings --traceback
2022-05-31 09:21:03,368: Ran ./manage.py process_queue --all --settings=zproject.settings --traceback
2022-05-31 09:21:10,849: Ran ./manage.py process_queue --all --settings=zproject.settings --traceback
2022-05-31 09:21:17,924: Ran ./manage.py process_queue --all --settings=zproject.settings --traceback
2022-05-31 09:21:23,464: Ran ./manage.py process_queue --all --settings=zproject.settings --traceback
2022-05-31 09:21:30,270: Ran ./manage.py process_queue --all --settings=zproject.settings --traceback
2022-05-31 09:21:36,148: Ran ./manage.py process_queue --all --settings=zproject.settings --traceback
2022-05-31 09:21:41,818: Ran ./manage.py process_queue --all --settings=zproject.settings --traceback
2022-05-31 09:21:47,573: Ran ./manage.py process_queue --all --settings=zproject.settings --traceback
2022-05-31 09:21:53,459: Ran ./manage.py process_queue --all --settings=zproject.settings --traceback
2022-05-31 09:21:58,660: Ran ./manage.py process_queue --all --settings=zproject.settings --traceback
2022-05-31 09:22:04,198: Ran ./manage.py process_queue --all --settings=zproject.settings --traceback
2022-05-31 09:22:11,171: Ran ./manage.py process_queue --all --settings=zproject.settings --traceback
2022-05-31 09:22:17,465: Ran ./manage.py process_queue --all --settings=zproject.settings --traceback
2022-05-31 09:22:24,053: Ran ./manage.py process_queue --all --settings=zproject.settings --traceback
2022-05-31 09:22:28,897: Ran ./manage.py process_queue --all --settings=zproject.settings --traceback
2022-05-31 09:22:35,681: Ran ./manage.py process_queue --all --settings=zproject.settings --traceback
2022-05-31 09:22:42,107: Ran ./manage.py process_queue --all --settings=zproject.settings --traceback
2022-05-31 09:22:47,851: Ran ./manage.py process_queue --all --settings=zproject.settings --traceback
2022-05-31 09:22:54,435: Ran ./manage.py process_queue --all --settings=zproject.settings --traceback
2022-05-31 09:23:01,448: Ran ./manage.py process_queue --all --settings=zproject.settings --traceback
2022-05-31 09:23:06,705: Ran ./manage.py process_queue --all --settings=zproject.settings --traceback
2022-05-31 09:23:12,422: Ran ./manage.py process_queue --all --settings=zproject.settings --traceback
2022-05-31 09:23:18,756: Ran ./manage.py process_queue --all --settings=zproject.settings --traceback
2022-05-31 09:23:25,572: Ran ./manage.py process_queue --all --settings=zproject.settings --traceback
2022-05-31 09:23:31,997: Ran ./manage.py process_queue --all --settings=zproject.settings --traceback
2022-05-31 09:23:38,145: Ran ./manage.py process_queue --all --settings=zproject.settings --traceback
2022-05-31 09:23:43,363: Ran ./manage.py process_queue --all --settings=zproject.settings --traceback
2022-05-31 09:23:48,776: Ran ./manage.py process_queue --all --settings=zproject.settings --traceback
2022-05-31 09:23:54,003: Ran ./manage.py process_queue --all --settings=zproject.settings --traceback
2022-05-31 09:23:59,927: Ran ./manage.py process_queue --all --settings=zproject.settings --traceback
2022-05-31 09:24:06,200: Ran ./manage.py process_queue --all --settings=zproject.settings --traceback
2022-05-31 09:24:11,023: Ran ./manage.py process_queue --all --settings=zproject.settings --traceback
2022-05-31 09:24:17,717: Ran ./manage.py process_queue --all --settings=zproject.settings --traceback
2022-05-31 09:24:22,709: Ran ./manage.py process_queue --all --settings=zproject.settings --traceback
2022-05-31 09:24:28,231: Ran ./manage.py process_queue --all --settings=zproject.settings --traceback
2022-05-31 09:24:33,214: Ran ./manage.py process_queue --all --settings=zproject.settings --traceback
2022-05-31 09:24:38,390: Ran ./manage.py process_queue --all --settings=zproject.settings --traceback
2022-05-31 09:24:44,371: Ran ./manage.py process_queue --all --settings=zproject.settings --traceback
2022-05-31 09:24:50,859: Ran ./manage.py process_queue --all --settings=zproject.settings --traceback
2022-05-31 09:24:57,039: Ran ./manage.py process_queue --all --settings=zproject.settings --traceback
2022-05-31 09:25:02,943: Ran ./manage.py process_queue --all --settings=zproject.settings --traceback
2022-05-31 09:25:08,737: Ran ./manage.py process_queue --all --settings=zproject.settings --traceback
2022-05-31 09:25:13,945: Ran ./manage.py process_queue --all --settings=zproject.settings --traceback
2022-05-31 09:25:19,882: Ran ./manage.py process_queue --all --settings=zproject.settings --traceback
2022-05-31 09:25:25,506: Ran ./manage.py process_queue --all --settings=zproject.settings --traceback
2022-05-31 09:25:31,508: Ran ./manage.py process_queue --all --settings=zproject.settings --traceback
2022-05-31 09:25:37,144: Ran ./manage.py process_queue --all --settings=zproject.settings --traceback
2022-05-31 09:25:43,158: Ran ./manage.py process_queue --all --settings=zproject.settings --traceback
2022-05-31 09:25:49,152: Ran ./manage.py process_queue --all --settings=zproject.settings --traceback
2022-05-31 09:25:55,808: Ran ./manage.py process_queue --all --settings=zproject.settings --traceback
2022-05-31 09:26:01,938: Ran ./manage.py process_queue --all --settings=zproject.settings --traceback
2022-05-31 09:26:08,306: Ran ./manage.py process_queue --all --settings=zproject.settings --traceback
2022-05-31 09:26:14,067: Ran ./manage.py process_queue --all --settings=zproject.settings --traceback
2022-05-31 09:26:20,524: Ran ./manage.py process_queue --all --settings=zproject.settings --traceback
2022-05-31 09:26:27,817: Ran ./manage.py process_queue --all --settings=zproject.settings --traceback
2022-05-31 09:26:33,611: Ran ./manage.py process_queue --all --settings=zproject.settings --traceback
2022-05-31 09:26:38,722: Ran ./manage.py process_queue --all --settings=zproject.settings --traceback
2022-05-31 09:26:44,559: Ran ./manage.py process_queue --all --settings=zproject.settings --traceback
2022-05-31 09:26:50,037: Ran ./manage.py process_queue --all --settings=zproject.settings --traceback
2022-05-31 09:26:56,228: Ran ./manage.py process_queue --all --settings=zproject.settings --traceback
2022-05-31 09:27:01,515: Ran ./manage.py process_queue --all --settings=zproject.settings --traceback
2022-05-31 09:27:07,039: Ran ./manage.py process_queue --all --settings=zproject.settings --traceback
2022-05-31 09:27:13,005: Ran ./manage.py process_queue --all --settings=zproject.settings --traceback
2022-05-31 09:27:18,077: Ran ./manage.py process_queue --all --settings=zproject.settings --traceback
2022-05-31 09:27:24,294: Ran ./manage.py process_queue --all --settings=zproject.settings --traceback
2022-05-31 09:27:29,873: Ran ./manage.py process_queue --all --settings=zproject.settings --traceback
2022-05-31 09:27:37,062: Ran ./manage.py process_queue --all --settings=zproject.settings --traceback
2022-05-31 09:27:42,059: Ran ./manage.py process_queue --all --settings=zproject.settings --traceback
2022-05-31 09:27:47,809: Ran ./manage.py process_queue --all --settings=zproject.settings --traceback
2022-05-31 09:27:53,676: Ran ./manage.py process_queue --all --settings=zproject.settings --traceback
2022-05-31 09:27:59,257: Ran ./manage.py process_queue --all --settings=zproject.settings --traceback
2022-05-31 09:28:05,635: Ran ./manage.py process_queue --all --settings=zproject.settings --traceback
2022-05-31 09:28:11,825: Ran ./manage.py process_queue --all --settings=zproject.settings --traceback
2022-05-31 09:28:18,547: Ran ./manage.py process_queue --all --settings=zproject.settings --traceback
2022-05-31 09:28:25,906: Ran ./manage.py process_queue --all --settings=zproject.settings --traceback
2022-05-31 09:28:32,497: Ran ./manage.py process_queue --all --settings=zproject.settings --traceback
2022-05-31 09:28:37,778: Ran ./manage.py process_queue --all --settings=zproject.settings --traceback
2022-05-31 09:28:44,648: Ran ./manage.py process_queue --all --settings=zproject.settings --traceback
2022-05-31 09:28:50,442: Ran ./manage.py process_queue --all --settings=zproject.settings --traceback
2022-05-31 09:28:56,837: Ran ./manage.py process_queue --all --settings=zproject.settings --traceback
2022-05-31 09:29:02,310: Ran ./manage.py process_queue --all --settings=zproject.settings --traceback
2022-05-31 09:29:08,091: Ran ./manage.py process_queue --all --settings=zproject.settings --traceback
2022-05-31 09:29:14,467: Ran ./manage.py process_queue --all --settings=zproject.settings --traceback
2022-05-31 09:29:19,522: Ran ./manage.py process_queue --all --settings=zproject.settings --traceback
2022-05-31 09:29:25,962: Ran ./manage.py process_queue --all --settings=zproject.settings --traceback
2022-05-31 09:29:31,335: Ran ./manage.py process_queue --all --settings=zproject.settings --traceback
2022-05-31 09:29:37,530: Ran ./manage.py process_queue --all --settings=zproject.settings --traceback
2022-05-31 09:29:42,458: Ran ./manage.py process_queue --all --settings=zproject.settings --traceback
2022-05-31 09:29:48,355: Ran ./manage.py process_queue --all --settings=zproject.settings --traceback
2022-05-31 09:29:53,057: Ran ./manage.py process_queue --all --settings=zproject.settings --traceback
2022-05-31 09:29:58,918: Ran ./manage.py process_queue --all --settings=zproject.settings --traceback
2022-05-31 09:30:06,086: Ran ./manage.py process_queue --all --settings=zproject.settings --traceback
2022-05-31 09:30:13,143: Ran ./manage.py process_queue --all --settings=zproject.settings --traceback
2022-05-31 09:30:18,849: Ran ./manage.py process_queue --all --settings=zproject.settings --traceback
2022-05-31 09:30:24,947: Ran ./manage.py process_queue --all --settings=zproject.settings --traceback
2022-05-31 09:30:32,079: Ran ./manage.py process_queue --all --settings=zproject.settings --traceback
2022-05-31 09:30:38,271: Ran ./manage.py process_queue --all --settings=zproject.settings --traceback
2022-05-31 09:30:43,474: Ran ./manage.py process_queue --all --settings=zproject.settings --traceback
2022-05-31 09:30:49,688: Ran ./manage.py process_queue --all --settings=zproject.settings --traceback
2022-05-31 09:30:56,022: Ran ./manage.py runtornado --settings=zproject.settings 127.0.0.1:9993
2022-05-31 09:30:56,031: Ran ./manage.py process_queue --all --settings=zproject.settings
2022-05-31 09:30:56,034: Ran ./manage.py rundjangoserver --settings=zproject.settings 127.0.0.1:9992
2022-05-31 09:30:56,049: Ran ./manage.py deliver_scheduled_messages
2022-05-31 09:30:57,351: Ran ./manage.py rundjangoserver --settings=zproject.settings 127.0.0.1:9992 --traceback
2022-05-31 09:31:01,766: Ran ./manage.py process_queue --all --settings=zproject.settings --traceback
2022-05-31 09:31:09,932: Ran ./manage.py process_queue --all --settings=zproject.settings --traceback
2022-05-31 09:31:17,105: Ran ./manage.py process_queue --all --settings=zproject.settings --traceback
2022-05-31 09:31:24,334: Ran ./manage.py process_queue --all --settings=zproject.settings --traceback
2022-05-31 09:31:31,257: Ran ./manage.py process_queue --all --settings=zproject.settings --traceback
2022-05-31 09:31:37,231: Ran ./manage.py process_queue --all --settings=zproject.settings --traceback
2022-05-31 09:31:43,471: Ran ./manage.py process_queue --all --settings=zproject.settings --traceback
2022-05-31 09:31:50,579: Ran ./manage.py process_queue --all --settings=zproject.settings --traceback
2022-05-31 09:31:57,535: Ran ./manage.py process_queue --all --settings=zproject.settings --traceback
2022-05-31 09:32:03,064: Ran ./manage.py process_queue --all --settings=zproject.settings --traceback
2022-05-31 09:32:08,627: Ran ./manage.py process_queue --all --settings=zproject.settings --traceback
2022-05-31 09:32:14,451: Ran ./manage.py process_queue --all --settings=zproject.settings --traceback
2022-05-31 09:32:21,141: Ran ./manage.py process_queue --all --settings=zproject.settings --traceback
2022-05-31 09:32:27,560: Ran ./manage.py process_queue --all --settings=zproject.settings --traceback
2022-05-31 09:32:34,268: Ran ./manage.py process_queue --all --settings=zproject.settings --traceback
2022-05-31 09:32:40,710: Ran ./manage.py process_queue --all --settings=zproject.settings --traceback
2022-05-31 09:32:46,983: Ran ./manage.py process_queue --all --settings=zproject.settings --traceback
2022-05-31 09:32:54,137: Ran ./manage.py process_queue --all --settings=zproject.settings --traceback
2022-05-31 09:32:59,488: Ran ./manage.py process_queue --all --settings=zproject.settings --traceback
2022-05-31 09:33:04,420: Ran ./manage.py process_queue --all --settings=zproject.settings --traceback
2022-05-31 09:33:11,040: Ran ./manage.py process_queue --all --settings=zproject.settings --traceback
2022-05-31 09:33:17,569: Ran ./manage.py process_queue --all --settings=zproject.settings --traceback
2022-05-31 09:33:24,138: Ran ./manage.py process_queue --all --settings=zproject.settings --traceback
2022-05-31 09:33:32,996: Ran ./manage.py process_queue --all --settings=zproject.settings --traceback
2022-05-31 09:33:38,411: Ran ./manage.py process_queue --all --settings=zproject.settings --traceback
2022-05-31 09:33:43,889: Ran ./manage.py process_queue --all --settings=zproject.settings --traceback
2022-05-31 09:33:51,145: Ran ./manage.py process_queue --all --settings=zproject.settings --traceback
2022-05-31 09:33:58,010: Ran ./manage.py process_queue --all --settings=zproject.settings --traceback
2022-05-31 09:34:03,693: Ran ./manage.py process_queue --all --settings=zproject.settings --traceback
2022-05-31 09:34:09,627: Ran ./manage.py process_queue --all --settings=zproject.settings --traceback
2022-05-31 09:34:14,785: Ran ./manage.py process_queue --all --settings=zproject.settings --traceback
2022-05-31 09:34:21,629: Ran ./manage.py process_queue --all --settings=zproject.settings --traceback
2022-05-31 09:34:27,783: Ran ./manage.py process_queue --all --settings=zproject.settings --traceback
2022-05-31 09:34:33,127: Ran ./manage.py process_queue --all --settings=zproject.settings --traceback
2022-05-31 09:34:39,616: Ran ./manage.py process_queue --all --settings=zproject.settings --traceback
2022-05-31 09:34:45,591: Ran ./manage.py process_queue --all --settings=zproject.settings --traceback
2022-05-31 09:34:51,733: Ran ./manage.py process_queue --all --settings=zproject.settings --traceback
2022-05-31 09:34:58,428: Ran ./manage.py process_queue --all --settings=zproject.settings --traceback
2022-05-31 09:35:05,015: Ran ./manage.py process_queue --all --settings=zproject.settings --traceback
2022-05-31 09:35:10,977: Ran ./manage.py process_queue --all --settings=zproject.settings --traceback
2022-05-31 09:35:16,599: Ran ./manage.py process_queue --all --settings=zproject.settings --traceback
2022-05-31 09:35:22,150: Ran ./manage.py process_queue --all --settings=zproject.settings --traceback
2022-05-31 09:35:27,610: Ran ./manage.py process_queue --all --settings=zproject.settings --traceback
2022-05-31 09:35:33,784: Ran ./manage.py process_queue --all --settings=zproject.settings --traceback
2022-05-31 09:35:38,715: Ran ./manage.py process_queue --all --settings=zproject.settings --traceback
2022-05-31 09:35:43,801: Ran ./manage.py process_queue --all --settings=zproject.settings --traceback
2022-05-31 09:35:48,710: Ran ./manage.py process_queue --all --settings=zproject.settings --traceback
2022-05-31 09:35:54,494: Ran ./manage.py process_queue --all --settings=zproject.settings --traceback
2022-05-31 09:36:00,980: Ran ./manage.py process_queue --all --settings=zproject.settings --traceback
2022-05-31 09:36:06,567: Ran ./manage.py process_queue --all --settings=zproject.settings --traceback
2022-05-31 09:36:12,561: Ran ./manage.py process_queue --all --settings=zproject.settings --traceback
2022-05-31 09:36:18,688: Ran ./manage.py process_queue --all --settings=zproject.settings --traceback
2022-05-31 09:36:25,967: Ran ./manage.py process_queue --all --settings=zproject.settings --traceback
2022-05-31 09:36:31,043: Ran ./manage.py process_queue --all --settings=zproject.settings --traceback
2022-05-31 09:36:37,239: Ran ./manage.py process_queue --all --settings=zproject.settings --traceback
2022-05-31 09:36:42,249: Ran ./manage.py process_queue --all --settings=zproject.settings --traceback
2022-05-31 09:36:48,074: Ran ./manage.py process_queue --all --settings=zproject.settings --traceback
2022-05-31 09:36:55,338: Ran ./manage.py process_queue --all --settings=zproject.settings --traceback
2022-05-31 09:37:01,848: Ran ./manage.py process_queue --all --settings=zproject.settings --traceback
2022-05-31 09:37:08,207: Ran ./manage.py process_queue --all --settings=zproject.settings --traceback
2022-05-31 09:37:13,141: Ran ./manage.py process_queue --all --settings=zproject.settings --traceback
2022-05-31 09:37:18,084: Ran ./manage.py process_queue --all --settings=zproject.settings --traceback
2022-05-31 09:37:24,261: Ran ./manage.py process_queue --all --settings=zproject.settings --traceback
2022-05-31 09:37:29,774: Ran ./manage.py process_queue --all --settings=zproject.settings --traceback
2022-05-31 09:37:35,927: Ran ./manage.py process_queue --all --settings=zproject.settings --traceback
2022-05-31 09:37:41,161: Ran ./manage.py process_queue --all --settings=zproject.settings --traceback
2022-05-31 09:37:48,273: Ran ./manage.py process_queue --all --settings=zproject.settings --traceback
2022-05-31 09:37:53,295: Ran ./manage.py process_queue --all --settings=zproject.settings --traceback
2022-05-31 09:37:58,613: Ran ./manage.py process_queue --all --settings=zproject.settings --traceback
2022-05-31 09:38:04,474: Ran ./manage.py process_queue --all --settings=zproject.settings --traceback
2022-05-31 09:38:11,223: Ran ./manage.py process_queue --all --settings=zproject.settings --traceback
2022-05-31 09:38:16,267: Ran ./manage.py process_queue --all --settings=zproject.settings --traceback
2022-05-31 09:38:22,943: Ran ./manage.py process_queue --all --settings=zproject.settings --traceback
2022-05-31 09:38:28,821: Ran ./manage.py process_queue --all --settings=zproject.settings --traceback
2022-05-31 09:38:35,350: Ran ./manage.py process_queue --all --settings=zproject.settings --traceback
2022-05-31 09:38:41,962: Ran ./manage.py process_queue --all --settings=zproject.settings --traceback
2022-05-31 09:38:46,617: Ran ./manage.py process_queue --all --settings=zproject.settings --traceback
2022-05-31 09:38:53,346: Ran ./manage.py process_queue --all --settings=zproject.settings --traceback
2022-05-31 09:38:59,946: Ran ./manage.py process_queue --all --settings=zproject.settings --traceback
2022-05-31 09:39:04,760: Ran ./manage.py process_queue --all --settings=zproject.settings --traceback
2022-05-31 09:39:09,829: Ran ./manage.py process_queue --all --settings=zproject.settings --traceback
2022-05-31 09:39:15,237: Ran ./manage.py process_queue --all --settings=zproject.settings --traceback
2022-05-31 09:39:21,851: Ran ./manage.py process_queue --all --settings=zproject.settings --traceback
2022-05-31 09:39:27,313: Ran ./manage.py process_queue --all --settings=zproject.settings --traceback
2022-05-31 09:39:33,070: Ran ./manage.py process_queue --all --settings=zproject.settings --traceback
2022-05-31 09:39:37,974: Ran ./manage.py process_queue --all --settings=zproject.settings --traceback
2022-05-31 09:39:44,393: Ran ./manage.py process_queue --all --settings=zproject.settings --traceback
2022-05-31 09:39:50,482: Ran ./manage.py process_queue --all --settings=zproject.settings --traceback
2022-05-31 09:39:57,134: Ran ./manage.py process_queue --all --settings=zproject.settings --traceback
2022-05-31 09:40:03,214: Ran ./manage.py process_queue --all --settings=zproject.settings --traceback
2022-05-31 09:40:09,977: Ran ./manage.py process_queue --all --settings=zproject.settings --traceback
2022-05-31 09:40:16,229: Ran ./manage.py process_queue --all --settings=zproject.settings --traceback
2022-05-31 09:40:22,300: Ran ./manage.py process_queue --all --settings=zproject.settings --traceback
2022-05-31 09:40:28,259: Ran ./manage.py process_queue --all --settings=zproject.settings --traceback
2022-05-31 09:40:34,124: Ran ./manage.py process_queue --all --settings=zproject.settings --traceback
2022-05-31 09:40:40,616: Ran ./manage.py process_queue --all --settings=zproject.settings --traceback
2022-05-31 09:40:46,116: Ran ./manage.py process_queue --all --settings=zproject.settings --traceback
2022-05-31 09:40:51,930: Ran ./manage.py process_queue --all --settings=zproject.settings --traceback
2022-05-31 09:40:56,818: Ran ./manage.py process_queue --all --settings=zproject.settings --traceback
2022-05-31 09:41:04,033: Ran ./manage.py process_queue --all --settings=zproject.settings --traceback
2022-05-31 09:41:09,525: Ran ./manage.py process_queue --all --settings=zproject.settings --traceback
2022-05-31 09:41:14,808: Ran ./manage.py process_queue --all --settings=zproject.settings --traceback
2022-05-31 09:41:19,431: Ran ./manage.py process_queue --all --settings=zproject.settings --traceback
2022-05-31 09:41:25,068: Ran ./manage.py process_queue --all --settings=zproject.settings --traceback
2022-05-31 09:41:30,960: Ran ./manage.py process_queue --all --settings=zproject.settings --traceback
2022-05-31 09:41:36,150: Ran ./manage.py process_queue --all --settings=zproject.settings --traceback
2022-05-31 09:41:41,429: Ran ./manage.py process_queue --all --settings=zproject.settings --traceback
2022-05-31 09:41:48,002: Ran ./manage.py process_queue --all --settings=zproject.settings --traceback
2022-05-31 09:41:53,182: Ran ./manage.py process_queue --all --settings=zproject.settings --traceback
2022-05-31 09:41:57,903: Ran ./manage.py process_queue --all --settings=zproject.settings --traceback
2022-05-31 09:42:04,636: Ran ./manage.py process_queue --all --settings=zproject.settings --traceback
2022-05-31 09:42:11,763: Ran ./manage.py process_queue --all --settings=zproject.settings --traceback
2022-05-31 09:42:17,056: Ran ./manage.py process_queue --all --settings=zproject.settings --traceback
2022-05-31 09:42:23,632: Ran ./manage.py process_queue --all --settings=zproject.settings --traceback
2022-05-31 09:42:29,068: Ran ./manage.py process_queue --all --settings=zproject.settings --traceback
2022-05-31 09:42:35,866: Ran ./manage.py process_queue --all --settings=zproject.settings --traceback
2022-05-31 09:42:42,229: Ran ./manage.py process_queue --all --settings=zproject.settings --traceback
2022-05-31 09:42:47,919: Ran ./manage.py process_queue --all --settings=zproject.settings --traceback
2022-05-31 09:42:52,882: Ran ./manage.py process_queue --all --settings=zproject.settings --traceback
2022-05-31 09:42:58,360: Ran ./manage.py process_queue --all --settings=zproject.settings --traceback
2022-05-31 09:43:05,314: Ran ./manage.py process_queue --all --settings=zproject.settings --traceback
2022-05-31 09:43:11,418: Ran ./manage.py process_queue --all --settings=zproject.settings --traceback
2022-05-31 09:43:16,860: Ran ./manage.py process_queue --all --settings=zproject.settings --traceback
2022-05-31 09:43:21,661: Ran ./manage.py process_queue --all --settings=zproject.settings --traceback
2022-05-31 09:43:28,249: Ran ./manage.py process_queue --all --settings=zproject.settings --traceback
2022-05-31 09:43:34,271: Ran ./manage.py process_queue --all --settings=zproject.settings --traceback
2022-05-31 09:43:40,759: Ran ./manage.py process_queue --all --settings=zproject.settings --traceback
2022-05-31 09:43:47,194: Ran ./manage.py process_queue --all --settings=zproject.settings --traceback
2022-05-31 09:43:53,191: Ran ./manage.py process_queue --all --settings=zproject.settings --traceback
2022-05-31 09:43:59,525: Ran ./manage.py process_queue --all --settings=zproject.settings --traceback
2022-05-31 09:44:05,455: Ran ./manage.py process_queue --all --settings=zproject.settings --traceback
2022-05-31 09:44:10,719: Ran ./manage.py process_queue --all --settings=zproject.settings --traceback
2022-05-31 09:44:16,704: Ran ./manage.py process_queue --all --settings=zproject.settings --traceback
2022-05-31 09:44:22,994: Ran ./manage.py process_queue --all --settings=zproject.settings --traceback
2022-05-31 09:44:25,957: Ran ./manage.py runtornado --settings=zproject.settings 127.0.0.1:9993 --traceback
2022-05-31 09:44:26,873: Ran ./manage.py rundjangoserver --settings=zproject.settings 127.0.0.1:9992 --traceback
2022-05-31 09:44:29,085: Ran ./manage.py process_queue --all --settings=zproject.settings --traceback
2022-06-01 04:12:46,324: Ran ./manage.py deliver_scheduled_messages
2022-06-01 04:12:46,324: Ran ./manage.py runtornado --settings=zproject.settings 127.0.0.1:9993
2022-06-01 04:12:46,326: Ran ./manage.py process_queue --all --settings=zproject.settings
2022-06-01 04:12:46,326: Ran ./manage.py rundjangoserver --settings=zproject.settings 127.0.0.1:9992
2022-06-01 04:13:00,053: Ran ./manage.py rundjangoserver --settings=zproject.settings 127.0.0.1:9992 --traceback
2022-06-01 04:13:14,464: Ran ./manage.py process_queue --all --settings=zproject.settings --traceback
2022-06-01 05:33:14,740: Ran ./manage.py print_initial_password bablu.kumar@webnyxa.tech
2022-06-01 05:34:53,250: Ran ./manage.py runtornado --settings=zproject.settings 127.0.0.1:9993
2022-06-01 05:34:53,450: Ran ./manage.py process_queue --all --settings=zproject.settings
2022-06-01 05:34:53,459: Ran ./manage.py deliver_scheduled_messages
2022-06-01 05:34:53,608: Ran ./manage.py rundjangoserver --settings=zproject.settings 127.0.0.1:9992
2022-06-01 05:34:55,900: Ran ./manage.py rundjangoserver --settings=zproject.settings 127.0.0.1:9992 --traceback
2022-06-01 05:34:59,230: Ran ./manage.py process_queue --all --settings=zproject.settings --traceback
2022-06-01 09:24:17,866: Ran ./manage.py print_initial_password bablu.kumar@webnyxa.tech
2022-06-01 09:24:55,315: Ran ./manage.py rundjangoserver --settings=zproject.settings 127.0.0.1:9992
2022-06-01 09:24:55,386: Ran ./manage.py runtornado --settings=zproject.settings 127.0.0.1:9993
2022-06-01 09:24:55,417: Ran ./manage.py deliver_scheduled_messages
2022-06-01 09:24:55,507: Ran ./manage.py process_queue --all --settings=zproject.settings
2022-06-01 09:24:57,384: Ran ./manage.py rundjangoserver --settings=zproject.settings 127.0.0.1:9992 --traceback
2022-06-01 09:25:01,239: Ran ./manage.py process_queue --all --settings=zproject.settings --traceback
2022-06-01 11:50:43,492: Ran ./manage.py print_initial_password bablu.kumar@webnyxa.tech
2022-06-01 11:51:37,965: Ran ./manage.py print_initial_password bablu.kumar@webnyxa.tech
2022-06-01 11:51:44,558: Ran ./manage.py rundjangoserver --settings=zproject.settings 127.0.0.1:9992
2022-06-01 11:51:44,610: Ran ./manage.py runtornado --settings=zproject.settings 127.0.0.1:9993
2022-06-01 11:51:44,765: Ran ./manage.py process_queue --all --settings=zproject.settings
2022-06-01 11:51:44,768: Ran ./manage.py deliver_scheduled_messages
2022-06-01 11:51:46,220: Ran ./manage.py rundjangoserver --settings=zproject.settings 127.0.0.1:9992 --traceback
2022-06-01 11:51:50,681: Ran ./manage.py process_queue --all --settings=zproject.settings --traceback
2022-06-01 12:42:31,047: Ran ./manage.py runtornado --settings=zproject.settings 127.0.0.1:9993 --traceback
2022-06-01 12:42:31,426: Ran ./manage.py rundjangoserver --settings=zproject.settings 127.0.0.1:9992 --traceback
2022-06-01 12:42:31,730: Ran ./manage.py process_queue --all --settings=zproject.settings --traceback
2022-06-02 04:37:13,243: Ran ./manage.py rundjangoserver --settings=zproject.settings 127.0.0.1:9992
2022-06-02 04:37:13,244: Ran ./manage.py deliver_scheduled_messages
2022-06-02 04:37:13,244: Ran ./manage.py runtornado --settings=zproject.settings 127.0.0.1:9993
2022-06-02 04:37:13,247: Ran ./manage.py process_queue --all --settings=zproject.settings
2022-06-02 04:37:25,434: Ran ./manage.py rundjangoserver --settings=zproject.settings 127.0.0.1:9992 --traceback
2022-06-02 04:37:40,454: Ran ./manage.py process_queue --all --settings=zproject.settings --traceback
2022-06-02 06:16:41,751: Ran ./manage.py rundjangoserver --settings=zproject.settings 127.0.0.1:9992
2022-06-02 06:16:41,812: Ran ./manage.py process_queue --all --settings=zproject.settings
2022-06-02 06:16:41,854: Ran ./manage.py runtornado --settings=zproject.settings 127.0.0.1:9993
2022-06-02 06:16:41,933: Ran ./manage.py deliver_scheduled_messages
2022-06-02 06:16:43,940: Ran ./manage.py rundjangoserver --settings=zproject.settings 127.0.0.1:9992 --traceback
2022-06-02 06:16:48,772: Ran ./manage.py process_queue --all --settings=zproject.settings --traceback
2022-06-02 10:24:50,896: Ran ./manage.py runtornado --settings=zproject.settings 127.0.0.1:9993
2022-06-02 10:24:51,064: Ran ./manage.py rundjangoserver --settings=zproject.settings 127.0.0.1:9992
2022-06-02 10:24:51,112: Ran ./manage.py process_queue --all --settings=zproject.settings
2022-06-02 10:24:51,223: Ran ./manage.py deliver_scheduled_messages
2022-06-02 10:24:52,665: Ran ./manage.py rundjangoserver --settings=zproject.settings 127.0.0.1:9992 --traceback
2022-06-02 10:24:57,258: Ran ./manage.py process_queue --all --settings=zproject.settings --traceback
2022-06-02 12:41:23,367: Ran ./manage.py runtornado --settings=zproject.settings 127.0.0.1:9993 --traceback
2022-06-02 12:41:23,770: Ran ./manage.py process_queue --all --settings=zproject.settings --traceback
2022-06-02 12:41:23,991: Ran ./manage.py rundjangoserver --settings=zproject.settings 127.0.0.1:9992 --traceback
2022-06-02 12:42:24,003: Ran ./manage.py runtornado --settings=zproject.settings 127.0.0.1:9993 --traceback --traceback
2022-06-02 12:42:24,470: Ran ./manage.py rundjangoserver --settings=zproject.settings 127.0.0.1:9992 --traceback
2022-06-02 12:42:24,903: Ran ./manage.py process_queue --all --settings=zproject.settings --traceback
2022-06-02 12:44:10,282: Ran ./manage.py runtornado --settings=zproject.settings 127.0.0.1:9993 --traceback --traceback --traceback
2022-06-02 12:44:10,953: Ran ./manage.py rundjangoserver --settings=zproject.settings 127.0.0.1:9992 --traceback
2022-06-02 12:44:11,565: Ran ./manage.py process_queue --all --settings=zproject.settings --traceback
2022-06-02 12:45:11,048: Ran ./manage.py runtornado --settings=zproject.settings 127.0.0.1:9993 --traceback --traceback --traceback --traceback
2022-06-02 12:45:11,872: Ran ./manage.py rundjangoserver --settings=zproject.settings 127.0.0.1:9992 --traceback
2022-06-02 12:45:12,250: Ran ./manage.py process_queue --all --settings=zproject.settings --traceback
2022-06-02 13:28:34,005: Ran ./manage.py runtornado --settings=zproject.settings 127.0.0.1:9993 --traceback --traceback --traceback --traceback --traceback
2022-06-02 13:28:34,603: Ran ./manage.py process_queue --all --settings=zproject.settings --traceback
2022-06-02 13:28:34,634: Ran ./manage.py rundjangoserver --settings=zproject.settings 127.0.0.1:9992 --traceback
2022-06-02 13:41:20,500: Ran ./manage.py runtornado --settings=zproject.settings 127.0.0.1:9993
2022-06-02 13:41:20,561: Ran ./manage.py deliver_scheduled_messages
2022-06-02 13:41:20,728: Ran ./manage.py rundjangoserver --settings=zproject.settings 127.0.0.1:9992
2022-06-02 13:41:20,783: Ran ./manage.py process_queue --all --settings=zproject.settings
2022-06-02 13:41:22,304: Ran ./manage.py rundjangoserver --settings=zproject.settings 127.0.0.1:9992 --traceback
2022-06-02 13:41:26,596: Ran ./manage.py process_queue --all --settings=zproject.settings --traceback
2022-06-03 04:14:55,713: Ran ./manage.py deliver_scheduled_messages
2022-06-03 04:14:55,770: Ran ./manage.py rundjangoserver --settings=zproject.settings 127.0.0.1:9992
2022-06-03 04:14:55,784: Ran ./manage.py process_queue --all --settings=zproject.settings
2022-06-03 04:14:55,803: Ran ./manage.py runtornado --settings=zproject.settings 127.0.0.1:9993
2022-06-03 04:15:10,239: Ran ./manage.py rundjangoserver --settings=zproject.settings 127.0.0.1:9992 --traceback
2022-06-03 04:15:24,170: Ran ./manage.py process_queue --all --settings=zproject.settings --traceback
2022-06-03 05:04:41,596: Ran ./manage.py makemigrations
2022-06-03 05:04:56,320: Ran ./manage.py migrate
2022-06-03 05:34:32,853: Ran ./manage.py runtornado --settings=zproject.settings 127.0.0.1:9993
2022-06-03 05:34:32,879: Ran ./manage.py process_queue --all --settings=zproject.settings
2022-06-03 05:34:32,965: Ran ./manage.py rundjangoserver --settings=zproject.settings 127.0.0.1:9992
2022-06-03 05:34:33,225: Ran ./manage.py deliver_scheduled_messages
2022-06-03 05:34:34,403: Ran ./manage.py rundjangoserver --settings=zproject.settings 127.0.0.1:9992 --traceback
2022-06-03 05:34:39,036: Ran ./manage.py process_queue --all --settings=zproject.settings --traceback
2022-06-03 06:13:48,685: Ran ./manage.py runtornado --settings=zproject.settings 127.0.0.1:9993 --traceback
2022-06-03 06:13:49,192: Ran ./manage.py rundjangoserver --settings=zproject.settings 127.0.0.1:9992 --traceback
2022-06-03 06:13:49,815: Ran ./manage.py process_queue --all --settings=zproject.settings --traceback
2022-06-03 07:12:05,615: Ran ./manage.py runtornado --settings=zproject.settings 127.0.0.1:9993 --traceback --traceback
2022-06-03 07:12:06,108: Ran ./manage.py rundjangoserver --settings=zproject.settings 127.0.0.1:9992 --traceback
2022-06-03 07:12:06,754: Ran ./manage.py process_queue --all --settings=zproject.settings --traceback
2022-06-03 07:12:58,253: Ran ./manage.py runtornado --settings=zproject.settings 127.0.0.1:9993 --traceback --traceback --traceback
2022-06-03 07:12:58,891: Ran ./manage.py process_queue --all --settings=zproject.settings --traceback
2022-06-03 07:12:59,485: Ran ./manage.py rundjangoserver --settings=zproject.settings 127.0.0.1:9992 --traceback
2022-06-03 07:37:15,338: Ran ./manage.py runtornado --settings=zproject.settings 127.0.0.1:9993 --traceback --traceback --traceback --traceback
2022-06-03 07:37:15,636: Ran ./manage.py process_queue --all --settings=zproject.settings --traceback
2022-06-03 07:37:15,796: Ran ./manage.py rundjangoserver --settings=zproject.settings 127.0.0.1:9992 --traceback
2022-06-03 07:38:08,099: Ran ./manage.py runtornado --settings=zproject.settings 127.0.0.1:9993 --traceback --traceback --traceback --traceback --traceback
2022-06-03 07:38:09,331: Ran ./manage.py process_queue --all --settings=zproject.settings --traceback
2022-06-03 07:38:09,804: Ran ./manage.py rundjangoserver --settings=zproject.settings 127.0.0.1:9992 --traceback
2022-06-03 09:08:45,747: Ran ./manage.py runtornado --settings=zproject.settings 127.0.0.1:9993 --traceback --traceback --traceback --traceback --traceback --traceback
2022-06-03 09:08:46,172: Ran ./manage.py rundjangoserver --settings=zproject.settings 127.0.0.1:9992 --traceback
2022-06-03 09:08:46,386: Ran ./manage.py process_queue --all --settings=zproject.settings --traceback
2022-06-03 14:01:52,506: Ran ./manage.py runtornado --settings=zproject.settings 127.0.0.1:9993
2022-06-03 14:01:52,615: Ran ./manage.py deliver_scheduled_messages
2022-06-03 14:01:52,678: Ran ./manage.py process_queue --all --settings=zproject.settings
2022-06-03 14:01:52,726: Ran ./manage.py rundjangoserver --settings=zproject.settings 127.0.0.1:9992
2022-06-03 14:01:54,392: Ran ./manage.py rundjangoserver --settings=zproject.settings 127.0.0.1:9992 --traceback
2022-06-03 14:01:58,426: Ran ./manage.py process_queue --all --settings=zproject.settings --traceback
2022-06-04 11:19:18,553: Ran ./manage.py rundjangoserver --settings=zproject.settings 127.0.0.1:9992
2022-06-04 11:19:18,554: Ran ./manage.py deliver_scheduled_messages
2022-06-04 11:19:18,564: Ran ./manage.py process_queue --all --settings=zproject.settings
2022-06-04 11:19:18,575: Ran ./manage.py runtornado --settings=zproject.settings 127.0.0.1:9993
2022-06-04 11:19:50,097: Ran ./manage.py rundjangoserver --settings=zproject.settings 127.0.0.1:9992 --traceback
2022-06-04 11:20:43,970: Ran ./manage.py process_queue --all --settings=zproject.settings --traceback
2022-06-04 11:20:52,264: Ran ./manage.py process_queue --all --settings=zproject.settings --traceback
2022-06-04 11:20:58,041: Ran ./manage.py process_queue --all --settings=zproject.settings --traceback
2022-06-04 11:21:03,336: Ran ./manage.py process_queue --all --settings=zproject.settings --traceback
2022-06-04 11:21:08,579: Ran ./manage.py process_queue --all --settings=zproject.settings --traceback
2022-06-04 11:21:14,859: Ran ./manage.py process_queue --all --settings=zproject.settings --traceback
2022-06-04 11:21:18,491: Ran ./manage.py process_queue --all --settings=zproject.settings --traceback
2022-06-04 11:21:23,064: Ran ./manage.py process_queue --all --settings=zproject.settings --traceback
2022-06-04 11:21:27,071: Ran ./manage.py process_queue --all --settings=zproject.settings --traceback
2022-06-04 11:21:30,428: Ran ./manage.py process_queue --all --settings=zproject.settings --traceback
2022-06-04 11:21:34,409: Ran ./manage.py process_queue --all --settings=zproject.settings --traceback
2022-06-04 11:21:39,348: Ran ./manage.py process_queue --all --settings=zproject.settings --traceback
2022-06-04 11:21:44,664: Ran ./manage.py process_queue --all --settings=zproject.settings --traceback
2022-06-04 11:21:50,977: Ran ./manage.py process_queue --all --settings=zproject.settings --traceback
2022-06-04 11:21:55,004: Ran ./manage.py process_queue --all --settings=zproject.settings --traceback
2022-06-04 11:21:57,918: Ran ./manage.py process_queue --all --settings=zproject.settings --traceback
2022-06-04 11:22:02,403: Ran ./manage.py process_queue --all --settings=zproject.settings --traceback
2022-06-04 11:22:06,300: Ran ./manage.py process_queue --all --settings=zproject.settings --traceback
2022-06-04 11:22:10,419: Ran ./manage.py process_queue --all --settings=zproject.settings --traceback
2022-06-04 11:22:14,934: Ran ./manage.py process_queue --all --settings=zproject.settings --traceback
2022-06-04 11:22:20,149: Ran ./manage.py process_queue --all --settings=zproject.settings --traceback
2022-06-04 11:22:23,830: Ran ./manage.py process_queue --all --settings=zproject.settings --traceback
2022-06-04 11:22:27,764: Ran ./manage.py process_queue --all --settings=zproject.settings --traceback
2022-06-04 11:22:32,459: Ran ./manage.py process_queue --all --settings=zproject.settings --traceback
2022-06-04 11:22:35,645: Ran ./manage.py process_queue --all --settings=zproject.settings --traceback
2022-06-04 11:22:41,199: Ran ./manage.py process_queue --all --settings=zproject.settings --traceback
2022-06-04 11:22:46,216: Ran ./manage.py process_queue --all --settings=zproject.settings --traceback
2022-06-04 11:22:52,597: Ran ./manage.py process_queue --all --settings=zproject.settings --traceback
2022-06-04 11:22:56,317: Ran ./manage.py process_queue --all --settings=zproject.settings --traceback
2022-06-04 11:23:00,029: Ran ./manage.py process_queue --all --settings=zproject.settings --traceback
2022-06-04 11:23:04,069: Ran ./manage.py process_queue --all --settings=zproject.settings --traceback
2022-06-04 11:23:08,048: Ran ./manage.py process_queue --all --settings=zproject.settings --traceback
2022-06-04 11:23:11,572: Ran ./manage.py process_queue --all --settings=zproject.settings --traceback
2022-06-04 11:23:15,336: Ran ./manage.py process_queue --all --settings=zproject.settings --traceback
2022-06-04 11:23:18,621: Ran ./manage.py process_queue --all --settings=zproject.settings --traceback
2022-06-04 11:23:22,318: Ran ./manage.py process_queue --all --settings=zproject.settings --traceback
2022-06-04 11:23:26,364: Ran ./manage.py process_queue --all --settings=zproject.settings --traceback
2022-06-04 11:23:31,772: Ran ./manage.py process_queue --all --settings=zproject.settings --traceback
2022-06-04 11:23:36,910: Ran ./manage.py process_queue --all --settings=zproject.settings --traceback
2022-06-04 11:23:40,589: Ran ./manage.py process_queue --all --settings=zproject.settings --traceback
2022-06-04 11:23:45,628: Ran ./manage.py process_queue --all --settings=zproject.settings --traceback
2022-06-04 11:23:49,884: Ran ./manage.py process_queue --all --settings=zproject.settings --traceback
2022-06-04 11:23:54,538: Ran ./manage.py process_queue --all --settings=zproject.settings --traceback
2022-06-04 11:23:58,307: Ran ./manage.py process_queue --all --settings=zproject.settings --traceback
2022-06-04 11:24:01,620: Ran ./manage.py process_queue --all --settings=zproject.settings --traceback
2022-06-04 11:24:05,727: Ran ./manage.py process_queue --all --settings=zproject.settings --traceback
2022-06-04 11:24:09,576: Ran ./manage.py process_queue --all --settings=zproject.settings --traceback
2022-06-04 11:24:14,613: Ran ./manage.py process_queue --all --settings=zproject.settings --traceback
2022-06-04 11:24:19,640: Ran ./manage.py process_queue --all --settings=zproject.settings --traceback
2022-06-04 11:24:24,078: Ran ./manage.py process_queue --all --settings=zproject.settings --traceback
2022-06-04 11:24:29,531: Ran ./manage.py process_queue --all --settings=zproject.settings --traceback
2022-06-04 11:24:33,597: Ran ./manage.py process_queue --all --settings=zproject.settings --traceback
2022-06-04 11:24:37,433: Ran ./manage.py process_queue --all --settings=zproject.settings --traceback
2022-06-04 11:24:40,645: Ran ./manage.py process_queue --all --settings=zproject.settings --traceback
2022-06-04 11:24:44,816: Ran ./manage.py process_queue --all --settings=zproject.settings --traceback
2022-06-04 11:24:48,239: Ran ./manage.py process_queue --all --settings=zproject.settings --traceback
2022-06-04 11:24:53,610: Ran ./manage.py process_queue --all --settings=zproject.settings --traceback
2022-06-04 11:24:57,133: Ran ./manage.py process_queue --all --settings=zproject.settings --traceback
2022-06-04 11:25:01,161: Ran ./manage.py process_queue --all --settings=zproject.settings --traceback
2022-06-04 11:25:04,350: Ran ./manage.py process_queue --all --settings=zproject.settings --traceback
2022-06-04 11:25:07,143: Ran ./manage.py process_queue --all --settings=zproject.settings --traceback
2022-06-04 11:25:10,478: Ran ./manage.py process_queue --all --settings=zproject.settings --traceback
2022-06-04 11:25:14,008: Ran ./manage.py process_queue --all --settings=zproject.settings --traceback
2022-06-04 11:25:18,145: Ran ./manage.py process_queue --all --settings=zproject.settings --traceback
2022-06-04 11:25:21,670: Ran ./manage.py process_queue --all --settings=zproject.settings --traceback
2022-06-04 11:25:25,702: Ran ./manage.py process_queue --all --settings=zproject.settings --traceback
2022-06-04 11:25:29,501: Ran ./manage.py process_queue --all --settings=zproject.settings --traceback
2022-06-04 11:25:34,130: Ran ./manage.py process_queue --all --settings=zproject.settings --traceback
2022-06-04 11:25:38,461: Ran ./manage.py process_queue --all --settings=zproject.settings --traceback
2022-06-04 11:25:41,513: Ran ./manage.py process_queue --all --settings=zproject.settings --traceback
2022-06-04 11:25:44,888: Ran ./manage.py process_queue --all --settings=zproject.settings --traceback
2022-06-04 11:25:49,417: Ran ./manage.py process_queue --all --settings=zproject.settings --traceback
2022-06-04 11:25:54,226: Ran ./manage.py process_queue --all --settings=zproject.settings --traceback
2022-06-04 11:25:59,355: Ran ./manage.py process_queue --all --settings=zproject.settings --traceback
2022-06-04 11:26:03,676: Ran ./manage.py process_queue --all --settings=zproject.settings --traceback
2022-06-04 11:26:07,196: Ran ./manage.py process_queue --all --settings=zproject.settings --traceback
2022-06-04 11:26:11,169: Ran ./manage.py process_queue --all --settings=zproject.settings --traceback
2022-06-04 11:26:16,133: Ran ./manage.py process_queue --all --settings=zproject.settings --traceback
2022-06-04 11:26:20,330: Ran ./manage.py process_queue --all --settings=zproject.settings --traceback
2022-06-04 11:26:24,302: Ran ./manage.py process_queue --all --settings=zproject.settings --traceback
2022-06-04 11:26:29,437: Ran ./manage.py process_queue --all --settings=zproject.settings --traceback
2022-06-04 11:26:34,233: Ran ./manage.py process_queue --all --settings=zproject.settings --traceback
2022-06-04 11:26:38,686: Ran ./manage.py process_queue --all --settings=zproject.settings --traceback
2022-06-04 11:26:43,907: Ran ./manage.py process_queue --all --settings=zproject.settings --traceback
2022-06-04 11:26:47,043: Ran ./manage.py process_queue --all --settings=zproject.settings --traceback
2022-06-04 11:26:50,471: Ran ./manage.py process_queue --all --settings=zproject.settings --traceback
2022-06-04 11:26:53,877: Ran ./manage.py process_queue --all --settings=zproject.settings --traceback
2022-06-04 11:26:58,082: Ran ./manage.py process_queue --all --settings=zproject.settings --traceback
2022-06-04 11:27:02,363: Ran ./manage.py process_queue --all --settings=zproject.settings --traceback
2022-06-04 11:27:07,570: Ran ./manage.py process_queue --all --settings=zproject.settings --traceback
2022-06-04 11:27:12,776: Ran ./manage.py process_queue --all --settings=zproject.settings --traceback
2022-06-04 11:27:17,342: Ran ./manage.py process_queue --all --settings=zproject.settings --traceback
2022-06-04 11:27:22,143: Ran ./manage.py process_queue --all --settings=zproject.settings --traceback
2022-06-04 11:27:27,067: Ran ./manage.py process_queue --all --settings=zproject.settings --traceback
2022-06-04 11:27:30,434: Ran ./manage.py process_queue --all --settings=zproject.settings --traceback
2022-06-04 11:27:35,776: Ran ./manage.py process_queue --all --settings=zproject.settings --traceback
2022-06-04 11:27:40,148: Ran ./manage.py process_queue --all --settings=zproject.settings --traceback
2022-06-04 11:27:44,169: Ran ./manage.py process_queue --all --settings=zproject.settings --traceback
2022-06-04 11:27:47,368: Ran ./manage.py process_queue --all --settings=zproject.settings --traceback
2022-06-04 11:27:51,968: Ran ./manage.py process_queue --all --settings=zproject.settings --traceback
2022-06-04 11:27:55,391: Ran ./manage.py process_queue --all --settings=zproject.settings --traceback
2022-06-04 11:28:00,722: Ran ./manage.py process_queue --all --settings=zproject.settings --traceback
2022-06-04 11:28:06,008: Ran ./manage.py process_queue --all --settings=zproject.settings --traceback
2022-06-04 11:28:11,219: Ran ./manage.py process_queue --all --settings=zproject.settings --traceback
2022-06-04 11:28:15,717: Ran ./manage.py process_queue --all --settings=zproject.settings --traceback
2022-06-04 11:28:20,111: Ran ./manage.py process_queue --all --settings=zproject.settings --traceback
2022-06-04 11:28:25,014: Ran ./manage.py process_queue --all --settings=zproject.settings --traceback
2022-06-04 11:28:29,813: Ran ./manage.py process_queue --all --settings=zproject.settings --traceback
2022-06-04 11:28:33,555: Ran ./manage.py process_queue --all --settings=zproject.settings --traceback
2022-06-04 11:28:37,667: Ran ./manage.py process_queue --all --settings=zproject.settings --traceback
2022-06-04 11:28:42,343: Ran ./manage.py process_queue --all --settings=zproject.settings --traceback
2022-06-04 11:28:46,915: Ran ./manage.py process_queue --all --settings=zproject.settings --traceback
2022-06-04 11:28:52,097: Ran ./manage.py process_queue --all --settings=zproject.settings --traceback
2022-06-04 11:28:56,245: Ran ./manage.py process_queue --all --settings=zproject.settings --traceback
2022-06-04 11:29:00,141: Ran ./manage.py process_queue --all --settings=zproject.settings --traceback
2022-06-04 11:29:04,681: Ran ./manage.py process_queue --all --settings=zproject.settings --traceback
2022-06-04 11:29:09,915: Ran ./manage.py process_queue --all --settings=zproject.settings --traceback
2022-06-04 11:29:14,491: Ran ./manage.py process_queue --all --settings=zproject.settings --traceback
2022-06-04 11:29:18,534: Ran ./manage.py process_queue --all --settings=zproject.settings --traceback
2022-06-04 11:29:22,871: Ran ./manage.py process_queue --all --settings=zproject.settings --traceback
2022-06-04 11:29:26,398: Ran ./manage.py process_queue --all --settings=zproject.settings --traceback
2022-06-04 11:29:31,647: Ran ./manage.py process_queue --all --settings=zproject.settings --traceback
2022-06-04 11:29:36,820: Ran ./manage.py process_queue --all --settings=zproject.settings --traceback
2022-06-04 11:29:39,756: Ran ./manage.py process_queue --all --settings=zproject.settings --traceback
2022-06-04 11:29:43,531: Ran ./manage.py process_queue --all --settings=zproject.settings --traceback
2022-06-04 11:29:48,216: Ran ./manage.py process_queue --all --settings=zproject.settings --traceback
2022-06-04 11:29:53,210: Ran ./manage.py process_queue --all --settings=zproject.settings --traceback
2022-06-04 11:29:56,430: Ran ./manage.py process_queue --all --settings=zproject.settings --traceback
2022-06-04 11:30:00,603: Ran ./manage.py process_queue --all --settings=zproject.settings --traceback
2022-06-04 11:30:03,660: Ran ./manage.py process_queue --all --settings=zproject.settings --traceback
2022-06-04 11:30:08,987: Ran ./manage.py process_queue --all --settings=zproject.settings --traceback
2022-06-04 11:30:14,002: Ran ./manage.py process_queue --all --settings=zproject.settings --traceback
2022-06-04 11:30:18,713: Ran ./manage.py process_queue --all --settings=zproject.settings --traceback
2022-06-04 11:30:22,426: Ran ./manage.py process_queue --all --settings=zproject.settings --traceback
2022-06-04 11:30:28,014: Ran ./manage.py process_queue --all --settings=zproject.settings --traceback
2022-06-04 11:30:31,884: Ran ./manage.py process_queue --all --settings=zproject.settings --traceback
2022-06-04 11:30:36,643: Ran ./manage.py process_queue --all --settings=zproject.settings --traceback
2022-06-04 11:30:41,461: Ran ./manage.py process_queue --all --settings=zproject.settings --traceback
2022-06-04 11:30:45,846: Ran ./manage.py process_queue --all --settings=zproject.settings --traceback
2022-06-04 11:30:51,033: Ran ./manage.py process_queue --all --settings=zproject.settings --traceback
2022-06-04 11:30:54,492: Ran ./manage.py process_queue --all --settings=zproject.settings --traceback
2022-06-04 11:30:57,732: Ran ./manage.py process_queue --all --settings=zproject.settings --traceback
2022-06-04 11:31:03,383: Ran ./manage.py process_queue --all --settings=zproject.settings --traceback
2022-06-04 11:31:07,881: Ran ./manage.py process_queue --all --settings=zproject.settings --traceback
2022-06-04 11:31:11,825: Ran ./manage.py process_queue --all --settings=zproject.settings --traceback
2022-06-04 11:31:16,396: Ran ./manage.py process_queue --all --settings=zproject.settings --traceback
2022-06-04 11:31:21,147: Ran ./manage.py process_queue --all --settings=zproject.settings --traceback
2022-06-04 11:31:24,532: Ran ./manage.py process_queue --all --settings=zproject.settings --traceback
2022-06-04 11:31:29,985: Ran ./manage.py process_queue --all --settings=zproject.settings --traceback
2022-06-04 11:31:34,868: Ran ./manage.py process_queue --all --settings=zproject.settings --traceback
2022-06-04 11:31:38,942: Ran ./manage.py process_queue --all --settings=zproject.settings --traceback
2022-06-04 11:31:44,202: Ran ./manage.py process_queue --all --settings=zproject.settings --traceback
2022-06-04 11:31:48,131: Ran ./manage.py process_queue --all --settings=zproject.settings --traceback
2022-06-04 11:31:53,507: Ran ./manage.py process_queue --all --settings=zproject.settings --traceback
2022-06-04 11:31:58,340: Ran ./manage.py process_queue --all --settings=zproject.settings --traceback
2022-06-04 11:32:02,150: Ran ./manage.py process_queue --all --settings=zproject.settings --traceback
2022-06-04 11:32:06,294: Ran ./manage.py process_queue --all --settings=zproject.settings --traceback
2022-06-04 11:32:09,841: Ran ./manage.py process_queue --all --settings=zproject.settings --traceback
2022-06-04 11:32:14,381: Ran ./manage.py process_queue --all --settings=zproject.settings --traceback
2022-06-04 11:32:19,072: Ran ./manage.py process_queue --all --settings=zproject.settings --traceback
2022-06-04 11:32:23,442: Ran ./manage.py process_queue --all --settings=zproject.settings --traceback
2022-06-04 11:32:28,757: Ran ./manage.py process_queue --all --settings=zproject.settings --traceback
2022-06-04 11:32:33,373: Ran ./manage.py process_queue --all --settings=zproject.settings --traceback
2022-06-04 11:32:38,040: Ran ./manage.py process_queue --all --settings=zproject.settings --traceback
2022-06-04 11:32:43,744: Ran ./manage.py process_queue --all --settings=zproject.settings --traceback
2022-06-04 11:32:48,914: Ran ./manage.py process_queue --all --settings=zproject.settings --traceback
2022-06-04 11:32:53,296: Ran ./manage.py process_queue --all --settings=zproject.settings --traceback
2022-06-04 11:32:58,619: Ran ./manage.py process_queue --all --settings=zproject.settings --traceback
2022-06-04 15:03:26,373: Ran ./manage.py runtornado --settings=zproject.settings 127.0.0.1:9993
2022-06-04 15:03:26,465: Ran ./manage.py deliver_scheduled_messages
2022-06-04 15:03:26,517: Ran ./manage.py rundjangoserver --settings=zproject.settings 127.0.0.1:9992
2022-06-04 15:03:26,546: Ran ./manage.py process_queue --all --settings=zproject.settings
2022-06-04 15:03:28,241: Ran ./manage.py rundjangoserver --settings=zproject.settings 127.0.0.1:9992 --traceback
2022-06-04 15:03:33,714: Ran ./manage.py process_queue --all --settings=zproject.settings --traceback
2022-06-04 15:03:40,498: Ran ./manage.py process_queue --all --settings=zproject.settings --traceback
2022-06-04 15:03:47,569: Ran ./manage.py process_queue --all --settings=zproject.settings --traceback
2022-06-04 15:03:53,675: Ran ./manage.py process_queue --all --settings=zproject.settings --traceback
2022-06-04 15:03:59,691: Ran ./manage.py process_queue --all --settings=zproject.settings --traceback
2022-06-04 15:04:05,014: Ran ./manage.py process_queue --all --settings=zproject.settings --traceback
2022-06-04 15:04:10,308: Ran ./manage.py process_queue --all --settings=zproject.settings --traceback
2022-06-04 15:04:15,274: Ran ./manage.py process_queue --all --settings=zproject.settings --traceback
2022-06-04 15:04:20,165: Ran ./manage.py process_queue --all --settings=zproject.settings --traceback
2022-06-04 15:04:24,742: Ran ./manage.py process_queue --all --settings=zproject.settings --traceback
2022-06-04 15:04:29,629: Ran ./manage.py process_queue --all --settings=zproject.settings --traceback
2022-06-04 15:04:35,527: Ran ./manage.py process_queue --all --settings=zproject.settings --traceback
2022-06-04 15:04:41,189: Ran ./manage.py process_queue --all --settings=zproject.settings --traceback
2022-06-04 15:04:45,448: Ran ./manage.py process_queue --all --settings=zproject.settings --traceback
2022-06-04 15:04:50,264: Ran ./manage.py process_queue --all --settings=zproject.settings --traceback
2022-06-04 15:04:56,410: Ran ./manage.py process_queue --all --settings=zproject.settings --traceback
2022-06-06 04:14:33,050: Ran ./manage.py deliver_scheduled_messages
2022-06-06 04:14:33,067: Ran ./manage.py rundjangoserver --settings=zproject.settings 127.0.0.1:9992
2022-06-06 04:14:33,091: Ran ./manage.py process_queue --all --settings=zproject.settings
2022-06-06 04:14:33,096: Ran ./manage.py runtornado --settings=zproject.settings 127.0.0.1:9993
2022-06-06 04:14:50,946: Ran ./manage.py rundjangoserver --settings=zproject.settings 127.0.0.1:9992 --traceback
2022-06-06 04:15:07,263: Ran ./manage.py process_queue --all --settings=zproject.settings --traceback
2022-06-06 09:14:41,357: Ran ./manage.py runtornado --settings=zproject.settings 127.0.0.1:9993 --traceback
2022-06-06 09:14:42,286: Ran ./manage.py rundjangoserver --settings=zproject.settings 127.0.0.1:9992 --traceback
2022-06-06 09:14:42,363: Ran ./manage.py process_queue --all --settings=zproject.settings --traceback
2022-06-06 09:15:43,089: Ran ./manage.py runtornado --settings=zproject.settings 127.0.0.1:9993 --traceback --traceback
2022-06-06 09:15:44,054: Ran ./manage.py process_queue --all --settings=zproject.settings --traceback
2022-06-06 09:15:44,129: Ran ./manage.py rundjangoserver --settings=zproject.settings 127.0.0.1:9992 --traceback
2022-06-06 09:16:19,734: Ran ./manage.py runtornado --settings=zproject.settings 127.0.0.1:9993 --traceback --traceback --traceback
2022-06-06 09:16:20,282: Ran ./manage.py rundjangoserver --settings=zproject.settings 127.0.0.1:9992 --traceback
2022-06-06 09:16:20,507: Ran ./manage.py process_queue --all --settings=zproject.settings --traceback
2022-06-06 09:17:02,196: Ran ./manage.py runtornado --settings=zproject.settings 127.0.0.1:9993 --traceback --traceback --traceback --traceback
2022-06-06 09:17:02,578: Ran ./manage.py rundjangoserver --settings=zproject.settings 127.0.0.1:9992 --traceback
2022-06-06 09:17:03,537: Ran ./manage.py process_queue --all --settings=zproject.settings --traceback
2022-06-06 12:20:54,939: Ran ./manage.py shell
2022-06-06 12:43:39,537: Ran ./manage.py runtornado --settings=zproject.settings 127.0.0.1:9993
2022-06-06 12:43:39,641: Ran ./manage.py rundjangoserver --settings=zproject.settings 127.0.0.1:9992
2022-06-06 12:43:39,702: Ran ./manage.py process_queue --all --settings=zproject.settings
2022-06-06 12:43:39,878: Ran ./manage.py deliver_scheduled_messages
2022-06-06 12:43:40,997: Ran ./manage.py rundjangoserver --settings=zproject.settings 127.0.0.1:9992 --traceback
2022-06-06 12:43:45,671: Ran ./manage.py process_queue --all --settings=zproject.settings --traceback
2022-06-06 12:46:59,174: Ran ./manage.py shell
2022-06-06 12:50:43,261: Ran ./manage.py runtornado --settings=zproject.settings 127.0.0.1:9993
2022-06-06 12:50:43,409: Ran ./manage.py deliver_scheduled_messages
2022-06-06 12:50:43,483: Ran ./manage.py rundjangoserver --settings=zproject.settings 127.0.0.1:9992
2022-06-06 12:50:43,582: Ran ./manage.py process_queue --all --settings=zproject.settings
2022-06-06 12:50:44,791: Ran ./manage.py rundjangoserver --settings=zproject.settings 127.0.0.1:9992 --traceback
2022-06-06 12:50:50,099: Ran ./manage.py process_queue --all --settings=zproject.settings --traceback
2022-06-07 04:32:07,717: Ran ./manage.py runtornado --settings=zproject.settings 127.0.0.1:9993
2022-06-07 04:32:07,724: Ran ./manage.py rundjangoserver --settings=zproject.settings 127.0.0.1:9992
2022-06-07 04:32:07,739: Ran ./manage.py deliver_scheduled_messages
2022-06-07 04:32:07,761: Ran ./manage.py process_queue --all --settings=zproject.settings
2022-06-07 04:32:22,171: Ran ./manage.py rundjangoserver --settings=zproject.settings 127.0.0.1:9992 --traceback
2022-06-07 04:32:36,804: Ran ./manage.py process_queue --all --settings=zproject.settings --traceback
2022-06-08 04:15:59,628: Ran ./manage.py deliver_scheduled_messages
2022-06-08 04:15:59,639: Ran ./manage.py process_queue --all --settings=zproject.settings
2022-06-08 04:15:59,651: Ran ./manage.py runtornado --settings=zproject.settings 127.0.0.1:9993
2022-06-08 04:15:59,673: Ran ./manage.py rundjangoserver --settings=zproject.settings 127.0.0.1:9992
2022-06-08 04:16:14,092: Ran ./manage.py rundjangoserver --settings=zproject.settings 127.0.0.1:9992 --traceback
2022-06-08 04:16:29,203: Ran ./manage.py process_queue --all --settings=zproject.settings --traceback
